
> ecommerce-app@0.1.0 build
> react-scripts build

Creating an optimized production build...
Compiled with warnings.

[eslint] 
src\hooks\usePostgresQuery.js
  Line 42:18:  React Hook useEffect has a spread element in its dependency array. This means we can't statically verify whether you've passed the correct dependencies  react-hooks/exhaustive-deps

src\modules\cotizaciones\CotizacionesForm.jsx
  Line 170:9:  'persistOrdersToBackend' is assigned a value but never used  no-unused-vars

src\modules\cotizaciones\CotizacionesPage.jsx
  Line 26:10:  'loading' is assigned a value but never used  no-unused-vars

Search for the keywords to learn more about each warning.
To ignore, add // eslint-disable-next-line to the line before.

File sizes after gzip:

  372.07 kB  build\static\js\main.f8fe5dbe.js
  46.35 kB   build\static\js\239.f6b27e5d.chunk.js
  43.28 kB   build\static\js\455.42b2ca35.chunk.js
  9.53 kB    build\static\css\main.6c34802b.css
  8.69 kB    build\static\js\977.14f103d7.chunk.js
  1.76 kB    build\static\js\453.fbf32b18.chunk.js

The project was built assuming it is hosted at /.
You can control this with the homepage field in your package.json.

The build folder is ready to be deployed.
You may serve it with a static server:

  npm install -g serve
  serve -s build

Find out more about deployment here:

  https://cra.link/deployment

